
Showing logs for build [32mcb-kubecd-environment-pr-169-1-jflkm-1[0m stage [32mfrom-build-pack[0m and container [32mstep-credential-initializer-ljgr8[0m
{"level":"warn","ts":1582903598.8305418,"logger":"fallback-logger","caller":"logging/config.go:69","msg":"Fetch GitHub commit ID from kodata failed: \"ref: refs/heads/0.8.0-**-support-backwards-incompats\" is not a valid GitHub commit ID"}
{"level":"info","ts":1582903598.8314126,"logger":"fallback-logger","caller":"creds-init/main.go:40","msg":"Credentials initialized."}

Showing logs for build [32mcb-kubecd-environment-pr-169-1-jflkm-1[0m stage [32mfrom-build-pack[0m and container [32mstep-working-dir-initializer-ggjgz[0m
{"level":"warn","ts":1582903600.2332273,"logger":"fallback-logger","caller":"logging/config.go:69","msg":"Fetch GitHub commit ID from kodata failed: open /var/run/ko/HEAD: no such file or directory"}
{"level":"info","ts":1582903600.234602,"logger":"fallback-logger","caller":"bash/main.go:64","msg":"Successfully executed command \"sh -c mkdir -p /workspace/source\"; output "}

Showing logs for build [32mcb-kubecd-environment-pr-169-1-jflkm-1[0m stage [32mfrom-build-pack[0m and container [32mstep-place-tools[0m

Showing logs for build [32mcb-kubecd-environment-pr-169-1-jflkm-1[0m stage [32mfrom-build-pack[0m and container [32mstep-git-source-cb-kubecd-environment-pr-169-1-jflkm-g4dpx[0m
{"level":"warn","ts":1582903605.3895178,"logger":"fallback-logger","caller":"logging/config.go:69","msg":"Fetch GitHub commit ID from kodata failed: \"ref: refs/heads/0.8.0-**-support-backwards-incompats\" is not a valid GitHub commit ID"}
{"level":"info","ts":1582903606.4410436,"logger":"fallback-logger","caller":"git/git.go:103","msg":"Successfully cloned https://github.com/cb-kubecd/environment-pr-169-1-boot-gke-staging.git @ master in path /workspace/source"}

Showing logs for build [32mcb-kubecd-environment-pr-169-1-jflkm-1[0m stage [32mfrom-build-pack[0m and container [32mstep-git-merge[0m
Using SHAs from PULL_REFS=master:f4a5dad0aa5e26e84cef29a076a9c9039922a78f,5:d003fba7d8582e83891de396e50bf4e7df326db3
DEBUG: LC_ALL=C JX_LOG_LEVEL=error git fetch origin --unshallow d003fba7d8582e83891de396e50bf4e7df326db3: f4a5dad0aa5e26e84cef29a076a9c9039922a78f:
DEBUG: ran git fetch --unshallow origin d003fba7d8582e83891de396e50bf4e7df326db3: f4a5dad0aa5e26e84cef29a076a9c9039922a78f: in 
DEBUG: LC_ALL=C JX_LOG_LEVEL=error git branch
DEBUG: LC_ALL=C JX_LOG_LEVEL=error git checkout master
DEBUG: ran git checkout master in 
DEBUG: LC_ALL=C JX_LOG_LEVEL=error git reset --hard f4a5dad0aa5e26e84cef29a076a9c9039922a78f
DEBUG: ran git reset --hard f4a5dad0aa5e26e84cef29a076a9c9039922a78f in 
DEBUG: LC_ALL=C JX_LOG_LEVEL=error git clean -fd .
DEBUG: ran clean --force -d . in 
DEBUG: LC_ALL=C JX_LOG_LEVEL=error git merge d003fba7d8582e83891de396e50bf4e7df326db3
DEBUG: ran git merge d003fba7d8582e83891de396e50bf4e7df326db3 in 
DEBUG: LC_ALL=C JX_LOG_LEVEL=error git log --format=%H%x1f%an%x1f%ae%x1f%cn%x1f%ce%x1f%s%n%b%x1e f4a5dad0aa5e26e84cef29a076a9c9039922a78f..HEAD
Merged SHA d003fba7d8582e83891de396e50bf4e7df326db3 with commit message 'chore: Promote bdd-sbhg-import-1582903374 to version 0.0.1' into base branch master

Showing logs for build [32mcb-kubecd-environment-pr-169-1-jflkm-1[0m stage [32mfrom-build-pack[0m and container [32mstep-build-helm-build[0m
WARNING: No $CHART_REPOSITORY defined so using the default value of: http://jenkins-x-chartmuseum:8080
Adding missing Helm repo: storage.googleapis.com https://storage.googleapis.com/chartmuseum.jenkins-x.io
WARNING: No secrets found on "helm/repos" due: reading the secret "helm/repos" from vault: no secret "helm/repos" not found in vault
Read credentials for https://storage.googleapis.com/chartmuseum.jenkins-x.io from vault helm/repos
Successfully added Helm repository storage.googleapis.com.
Adding missing Helm repo: jenkins-x-chartmuseum http://jenkins-x-chartmuseum:8080
WARNING: No secrets found on "helm/repos" due: reading the secret "helm/repos" from vault: no secret "helm/repos" not found in vault
Read credentials for http://jenkins-x-chartmuseum:8080 from vault helm/repos
Successfully added Helm repository jenkins-x-chartmuseum.
WARNING: No $CHART_REPOSITORY defined so using the default value of: http://jenkins-x-chartmuseum:8080
Adding missing Helm repo: chartmuseum.jenkins-x.io http://chartmuseum.jenkins-x.io
WARNING: No secrets found on "helm/repos" due: reading the secret "helm/repos" from vault: no secret "helm/repos" not found in vault
Read credentials for http://chartmuseum.jenkins-x.io from vault helm/repos
Successfully added Helm repository chartmuseum.jenkins-x.io.
